<?xml version="1.0" encoding="UTF-8"?>
<testng-results skipped="0" failed="0" ignored="0" total="1" passed="1">
  <reporter-output>
  </reporter-output>
  <suite name="Suite" duration-ms="28426" started-at="2020-06-29T15:53:23Z" finished-at="2020-06-29T15:53:51Z">
    <groups>
    </groups>
    <test name="Test" duration-ms="28426" started-at="2020-06-29T15:53:23Z" finished-at="2020-06-29T15:53:51Z">
      <class name="program.Login">
        <test-method status="PASS" signature="test()[pri:0, instance:program.Login@43738a82]" name="test" duration-ms="28357" started-at="2020-06-29T15:53:23Z" finished-at="2020-06-29T15:53:51Z">
          <reporter-output>
          </reporter-output>
        </test-method> <!-- test -->
      </class> <!-- program.Login -->
    </test> <!-- Test -->
  </suite> <!-- Suite -->
</testng-results>
